<?xml version="1.0" encoding="UTF-8"?>
<!-- Generated by org.testng.reporters.JUnitReportReporter -->
<testsuite hostname="Andy" failures="0" tests="1" name="base.TestBase" time="0.923" errors="0" timestamp="2021-10-10T11:39:26 IST" skipped="0">
  <testcase classname="base.TestBase" name="setup" time="0.923"/>
  <system-out/>
</testsuite> <!-- base.TestBase -->
