<?xml version="1.0" encoding="UTF-8"?>
<!-- Generated by org.testng.reporters.JUnitReportReporter -->
<testsuite hostname="Andy" failures="0" tests="1" name="testcases.TC002_Post_Request" time="4.611" errors="0" timestamp="2021-10-10T14:55:27 IST" skipped="0">
  <testcase classname="testcases.TC002_Post_Request" name="createUser" time="4.611"/>
  <system-out/>
</testsuite> <!-- testcases.TC002_Post_Request -->
